0 info it worked if it ends with ok
1 verbose cli [ '/home/ubuntu/.nvm/versions/node/v4.5.0/bin/node',
1 verbose cli   '/home/ubuntu/.nvm/versions/node/v4.5.0/bin/npm',
1 verbose cli   'version',
1 verbose cli   'patch' ]
2 info using npm@2.15.9
3 info using node@v4.5.0
4 info git [ 'status', '--porcelain' ]
5 verbose stack Error: Git working directory not clean.
5 verbose stack M  README.md
5 verbose stack A  package.json
5 verbose stack A  sample/invalid-choir-validate.js
5 verbose stack A  sample/invalid-choir.json
5 verbose stack A  sample/valid-choir-validate.js
5 verbose stack A  sample/valid-choir.json
5 verbose stack A  schema/choir-address.json
5 verbose stack A  schema/choir-geo.json
5 verbose stack A  schema/choir-location.json
5 verbose stack A  schema/choir.json
5 verbose stack A  schema/context.json
5 verbose stack A  schema/index.js
5 verbose stack A  src/index.js
5 verbose stack     at /home/ubuntu/.nvm/versions/node/v4.5.0/lib/node_modules/npm/lib/version.js:171:21
5 verbose stack     at ChildProcess.exithandler (child_process.js:204:7)
5 verbose stack     at emitTwo (events.js:87:13)
5 verbose stack     at ChildProcess.emit (events.js:172:7)
5 verbose stack     at maybeClose (internal/child_process.js:829:16)
5 verbose stack     at Socket.<anonymous> (internal/child_process.js:319:11)
5 verbose stack     at emitOne (events.js:77:13)
5 verbose stack     at Socket.emit (events.js:169:7)
5 verbose stack     at Pipe._onclose (net.js:486:12)
6 verbose cwd /home/ubuntu/workspace
7 error Linux 4.2.0-c9
8 error argv "/home/ubuntu/.nvm/versions/node/v4.5.0/bin/node" "/home/ubuntu/.nvm/versions/node/v4.5.0/bin/npm" "version" "patch"
9 error node v4.5.0
10 error npm  v2.15.9
11 error Git working directory not clean.
11 error M  README.md
11 error A  package.json
11 error A  sample/invalid-choir-validate.js
11 error A  sample/invalid-choir.json
11 error A  sample/valid-choir-validate.js
11 error A  sample/valid-choir.json
11 error A  schema/choir-address.json
11 error A  schema/choir-geo.json
11 error A  schema/choir-location.json
11 error A  schema/choir.json
11 error A  schema/context.json
11 error A  schema/index.js
11 error A  src/index.js
12 error If you need help, you may report this error at:
12 error     <https://github.com/npm/npm/issues>
13 verbose exit [ 1, true ]
